 (0,0): [04/18/2019 01:34:36.498 上午] Unity incremental compiler server
 (0,0): [04/18/2019 01:34:36.658 上午] watchdog active on pid: 28652
 (0,0): [04/18/2019 01:35:04.952 上午] Unity.Mathematics.dll: no prior compilation found in cache. Caller PID: 28652
 (0,0): [04/18/2019 01:35:04.966 上午] Unity.Mathematics.dll compiling...
 (0,0): [04/18/2019 01:35:05.295 上午] Unity.Burst.dll: no prior compilation found in cache. Caller PID: 28652
 (0,0): [04/18/2019 01:35:05.309 上午] Unity.Burst.dll compiling...
 (0,0): [04/18/2019 01:35:05.312 上午] Unity.Analytics.DataPrivacy.dll: no prior compilation found in cache. Caller PID: 28652
 (0,0): [04/18/2019 01:35:05.328 上午] Unity.Analytics.DataPrivacy.dll compiling...
 (0,0): [04/18/2019 01:35:05.406 上午] Unity.Properties.dll: no prior compilation found in cache. Caller PID: 28652
 (0,0): [04/18/2019 01:35:05.417 上午] Unity.Properties.dll compiling...
 (0,0): [04/18/2019 01:35:05.555 上午] Unity.PackageManagerUI.Editor.dll: no prior compilation found in cache. Caller PID: 28652
 (0,0): [04/18/2019 01:35:05.566 上午] Unity.PackageManagerUI.Editor.dll compiling...
 (0,0): [04/18/2019 01:35:05.676 上午] Unity.CollabProxy.Editor.dll: no prior compilation found in cache. Caller PID: 28652
 (0,0): [04/18/2019 01:35:05.687 上午] Unity.CollabProxy.Editor.dll compiling...
 (0,0): [04/18/2019 01:35:07.839 上午] Unity.PackageManagerUI.Editor.dll: emitting IL to : D:\UnityProject\Fractals\Temp\Unity.PackageManagerUI.Editor.dll
 (0,0): [04/18/2019 01:35:07.839 上午] Unity.Burst.dll: emitting IL to : D:\UnityProject\Fractals\Temp\Unity.Burst.dll
 (0,0): [04/18/2019 01:35:07.840 上午] Unity.CollabProxy.Editor.dll: emitting IL to : D:\UnityProject\Fractals\Temp\Unity.CollabProxy.Editor.dll
 (0,0): [04/18/2019 01:35:07.840 上午] Unity.Analytics.DataPrivacy.dll: emitting IL to : D:\UnityProject\Fractals\Temp\Unity.Analytics.DataPrivacy.dll
 (0,0): [04/18/2019 01:35:07.839 上午] Unity.Properties.dll: emitting IL to : D:\UnityProject\Fractals\Temp\Unity.Properties.dll
 (0,0): [04/18/2019 01:35:07.902 上午] Unity.Analytics.DataPrivacy.dll compilation finished in 2573ms  source files re-parsed: 3 metadata reloaded: 0
 (0,0): [04/18/2019 01:35:07.914 上午] Unity.Analytics.DataPrivacy.dll: session status updated to IncrementalCompilationStatus.Finished for Caller PID: 28652
 (0,0): [04/18/2019 01:35:07.927 上午] Unity.Burst.dll compilation finished in 2618ms  source files re-parsed: 3 metadata reloaded: 0
 (0,0): [04/18/2019 01:35:07.928 上午] Unity.Properties.dll compilation finished in 2511ms  source files re-parsed: 34 metadata reloaded: 0
 (0,0): [04/18/2019 01:35:07.958 上午] Unity.Burst.dll: session status updated to IncrementalCompilationStatus.Finished for Caller PID: 28652
 (0,0): [04/18/2019 01:35:07.928 上午] Unity.CollabProxy.Editor.dll compilation finished in 2242ms  source files re-parsed: 17 metadata reloaded: 0
 (0,0): [04/18/2019 01:35:07.929 上午] Unity.PackageManagerUI.Editor.dll compilation finished in 2363ms  source files re-parsed: 52 metadata reloaded: 1
 (0,0): [04/18/2019 01:35:07.969 上午] Unity.Properties.dll: session status updated to IncrementalCompilationStatus.Finished for Caller PID: 28652
 (0,0): [04/18/2019 01:35:07.971 上午] Unity.CollabProxy.Editor.dll: session status updated to IncrementalCompilationStatus.Finished for Caller PID: 28652
 (0,0): [04/18/2019 01:35:07.971 上午] Unity.PackageManagerUI.Editor.dll: session status updated to IncrementalCompilationStatus.Finished for Caller PID: 28652
 (0,0): [04/18/2019 01:35:08.496 上午] Unity.Mathematics.dll: emitting IL to : D:\UnityProject\Fractals\Temp\Unity.Mathematics.dll
 (0,0): [04/18/2019 01:35:08.515 上午] Unity.Mathematics.dll compilation finished in 3548ms  source files re-parsed: 82 metadata reloaded: 208
 (0,0): [04/18/2019 01:35:08.527 上午] Unity.Mathematics.dll: session status updated to IncrementalCompilationStatus.Finished for Caller PID: 28652
 (0,0): [04/18/2019 01:35:08.816 上午] Unity.Properties.Editor.dll: no prior compilation found in cache. Caller PID: 28652
 (0,0): [04/18/2019 01:35:08.827 上午] Unity.Properties.Editor.dll compiling...
 (0,0): [04/18/2019 01:35:08.919 上午] Unity.Burst.Editor.dll: no prior compilation found in cache. Caller PID: 28652
 (0,0): [04/18/2019 01:35:08.939 上午] Unity.Burst.Editor.dll compiling...
 (0,0): [04/18/2019 01:35:09.094 上午] Unity.Properties.Editor.dll: emitting IL to : D:\UnityProject\Fractals\Temp\Unity.Properties.Editor.dll
 (0,0): [04/18/2019 01:35:09.113 上午] Unity.Properties.Editor.dll compilation finished in 285ms  source files re-parsed: 23 metadata reloaded: 1
 (0,0): [04/18/2019 01:35:09.123 上午] Unity.Properties.Editor.dll: session status updated to IncrementalCompilationStatus.Finished for Caller PID: 28652
 (0,0): [04/18/2019 01:35:09.123 上午] Unity.Properties.Codegen.dll: no prior compilation found in cache. Caller PID: 28652
 (0,0): [04/18/2019 01:35:09.135 上午] Unity.Properties.Codegen.dll compiling...
 (0,0): [04/18/2019 01:35:09.165 上午] Unity.Burst.Editor.dll: emitting IL to : D:\UnityProject\Fractals\Temp\Unity.Burst.Editor.dll
 (0,0): [04/18/2019 01:35:09.181 上午] Unity.Burst.Editor.dll compilation finished in 242ms  source files re-parsed: 10 metadata reloaded: 1
 (0,0): [04/18/2019 01:35:09.192 上午] Unity.Burst.Editor.dll: session status updated to IncrementalCompilationStatus.Finished for Caller PID: 28652
 (0,0): [04/18/2019 01:35:09.254 上午] Unity.Properties.Codegen.dll: emitting IL to : D:\UnityProject\Fractals\Temp\Unity.Properties.Codegen.dll
 (0,0): [04/18/2019 01:35:09.267 上午] Unity.Properties.Codegen.dll compilation finished in 132ms  source files re-parsed: 7 metadata reloaded: 0
 (0,0): [04/18/2019 01:35:09.278 上午] Unity.Properties.Codegen.dll: session status updated to IncrementalCompilationStatus.Finished for Caller PID: 28652
 (0,0): [04/18/2019 01:35:09.359 上午] Unity.Collections.dll: no prior compilation found in cache. Caller PID: 28652
 (0,0): [04/18/2019 01:35:09.370 上午] Unity.Collections.dll compiling...
 (0,0): [04/18/2019 01:35:09.482 上午] Unity.Mathematics.Editor.dll: no prior compilation found in cache. Caller PID: 28652
 (0,0): [04/18/2019 01:35:09.487 上午] Unity.Collections.dll: emitting IL to : D:\UnityProject\Fractals\Temp\Unity.Collections.dll
 (0,0): [04/18/2019 01:35:09.493 上午] Unity.Mathematics.Editor.dll compiling...
 (0,0): [04/18/2019 01:35:09.506 上午] Unity.Collections.dll compilation finished in 136ms  source files re-parsed: 12 metadata reloaded: 1
 (0,0): [04/18/2019 01:35:09.517 上午] Unity.Collections.dll: session status updated to IncrementalCompilationStatus.Finished for Caller PID: 28652
 (0,0): [04/18/2019 01:35:09.581 上午] Unity.Mathematics.Editor.dll: emitting IL to : D:\UnityProject\Fractals\Temp\Unity.Mathematics.Editor.dll
 (0,0): [04/18/2019 01:35:09.596 上午] Unity.Mathematics.Editor.dll compilation finished in 103ms  source files re-parsed: 4 metadata reloaded: 0
 (0,0): [04/18/2019 01:35:09.607 上午] Unity.Mathematics.Editor.dll: session status updated to IncrementalCompilationStatus.Finished for Caller PID: 28652
 (0,0): [04/18/2019 01:35:09.974 上午] Unity.Entities.dll: no prior compilation found in cache. Caller PID: 28652
 (0,0): [04/18/2019 01:35:09.986 上午] Unity.Entities.dll compiling...
 (0,0): [04/18/2019 01:35:10.122 上午] Unity.Jobs.dll: no prior compilation found in cache. Caller PID: 28652
 (0,0): [04/18/2019 01:35:10.135 上午] Unity.Jobs.dll compiling...
 (0,0): [04/18/2019 01:35:10.267 上午] Unity.Jobs.dll: emitting IL to : D:\UnityProject\Fractals\Temp\Unity.Jobs.dll
 (0,0): [04/18/2019 01:35:10.293 上午] Unity.Jobs.dll compilation finished in 157ms  source files re-parsed: 3 metadata reloaded: 0
 (0,0): [04/18/2019 01:35:10.305 上午] Unity.Jobs.dll: session status updated to IncrementalCompilationStatus.Finished for Caller PID: 28652
 (0,0): [04/18/2019 01:35:10.312 上午] Unity.Entities.dll: emitting IL to : D:\UnityProject\Fractals\Temp\Unity.Entities.dll
 (0,0): [04/18/2019 01:35:10.330 上午] Unity.Entities.dll compilation finished in 344ms  source files re-parsed: 58 metadata reloaded: 1
 (0,0): [04/18/2019 01:35:10.341 上午] Unity.Entities.dll: session status updated to IncrementalCompilationStatus.Finished for Caller PID: 28652
 (0,0): [04/18/2019 01:35:10.795 上午] Unity.Jobs.Editor.dll: no prior compilation found in cache. Caller PID: 28652
 (0,0): [04/18/2019 01:35:10.806 上午] Unity.Jobs.Editor.dll compiling...
 (0,0): [04/18/2019 01:35:10.867 上午] Unity.Jobs.Editor.dll: emitting IL to : D:\UnityProject\Fractals\Temp\Unity.Jobs.Editor.dll
 (0,0): [04/18/2019 01:35:10.880 上午] Unity.Jobs.Editor.dll compilation finished in 74ms  source files re-parsed: 1 metadata reloaded: 1
 (0,0): [04/18/2019 01:35:10.891 上午] Unity.Jobs.Editor.dll: session status updated to IncrementalCompilationStatus.Finished for Caller PID: 28652
 (0,0): [04/18/2019 01:35:10.936 上午] Unity.Entities.Hybrid.dll: no prior compilation found in cache. Caller PID: 28652
 (0,0): [04/18/2019 01:35:10.947 上午] Unity.Entities.Hybrid.dll compiling...
 (0,0): [04/18/2019 01:35:11.016 上午] Unity.Entities.Hybrid.dll: emitting IL to : D:\UnityProject\Fractals\Temp\Unity.Entities.Hybrid.dll
 (0,0): [04/18/2019 01:35:11.030 上午] Unity.Entities.Hybrid.dll compilation finished in 83ms  source files re-parsed: 12 metadata reloaded: 1
 (0,0): [04/18/2019 01:35:11.041 上午] Unity.Entities.Hybrid.dll: session status updated to IncrementalCompilationStatus.Finished for Caller PID: 28652
 (0,0): [04/18/2019 01:35:11.654 上午] Unity.Transforms.dll: no prior compilation found in cache. Caller PID: 28652
 (0,0): [04/18/2019 01:35:11.667 上午] Unity.Transforms.dll compiling...
 (0,0): [04/18/2019 01:35:11.778 上午] Unity.Transforms.dll: emitting IL to : D:\UnityProject\Fractals\Temp\Unity.Transforms.dll
 (0,0): [04/18/2019 01:35:11.792 上午] Unity.Transforms.dll compilation finished in 125ms  source files re-parsed: 9 metadata reloaded: 1
 (0,0): [04/18/2019 01:35:11.803 上午] Unity.Transforms.dll: session status updated to IncrementalCompilationStatus.Finished for Caller PID: 28652
 (0,0): [04/18/2019 01:35:12.459 上午] Unity.Rendering.Hybrid.dll: no prior compilation found in cache. Caller PID: 28652
 (0,0): [04/18/2019 01:35:12.470 上午] Unity.Rendering.Hybrid.dll compiling...
 (0,0): [04/18/2019 01:35:12.580 上午] Unity.Rendering.Hybrid.dll: emitting IL to : D:\UnityProject\Fractals\Temp\Unity.Rendering.Hybrid.dll
 (0,0): [04/18/2019 01:35:12.585 上午] Unity.Entities.Properties.dll: no prior compilation found in cache. Caller PID: 28652
 (0,0): [04/18/2019 01:35:12.593 上午] Unity.Rendering.Hybrid.dll compilation finished in 123ms  source files re-parsed: 9 metadata reloaded: 1
 (0,0): [04/18/2019 01:35:12.596 上午] Unity.Entities.Properties.dll compiling...
 (0,0): [04/18/2019 01:35:12.604 上午] Unity.Rendering.Hybrid.dll: session status updated to IncrementalCompilationStatus.Finished for Caller PID: 28652
 (0,0): [04/18/2019 01:35:12.689 上午] Unity.Entities.Properties.dll: emitting IL to : D:\UnityProject\Fractals\Temp\Unity.Entities.Properties.dll
 (0,0): [04/18/2019 01:35:12.700 上午] Unity.Transforms.Hybrid.dll: no prior compilation found in cache. Caller PID: 28652
 (0,0): [04/18/2019 01:35:12.703 上午] Unity.Entities.Properties.dll compilation finished in 107ms  source files re-parsed: 14 metadata reloaded: 0
 (0,0): [04/18/2019 01:35:12.711 上午] Unity.Transforms.Hybrid.dll compiling...
 (0,0): [04/18/2019 01:35:12.715 上午] Unity.Entities.Properties.dll: session status updated to IncrementalCompilationStatus.Finished for Caller PID: 28652
 (0,0): [04/18/2019 01:35:12.775 上午] Unity.Transforms.Hybrid.dll: emitting IL to : D:\UnityProject\Fractals\Temp\Unity.Transforms.Hybrid.dll
 (0,0): [04/18/2019 01:35:12.788 上午] Unity.Transforms.Hybrid.dll compilation finished in 78ms  source files re-parsed: 6 metadata reloaded: 0
 (0,0): [04/18/2019 01:35:12.799 上午] Unity.Transforms.Hybrid.dll: session status updated to IncrementalCompilationStatus.Finished for Caller PID: 28652
 (0,0): [04/18/2019 01:35:13.816 上午] Unity.Entities.Editor.dll: no prior compilation found in cache. Caller PID: 28652
 (0,0): [04/18/2019 01:35:13.827 上午] Unity.Entities.Editor.dll compiling...
 (0,0): [04/18/2019 01:35:13.957 上午] Unity.Entities.Editor.dll: emitting IL to : D:\UnityProject\Fractals\Temp\Unity.Entities.Editor.dll
 (0,0): [04/18/2019 01:35:13.971 上午] Unity.Entities.Editor.dll compilation finished in 144ms  source files re-parsed: 26 metadata reloaded: 1
 (0,0): [04/18/2019 01:35:13.983 上午] Unity.Entities.Editor.dll: session status updated to IncrementalCompilationStatus.Finished for Caller PID: 28652
 (0,0): [04/18/2019 01:35:14.332 上午] Unity.Transforms.Editor.dll: no prior compilation found in cache. Caller PID: 28652
 (0,0): [04/18/2019 01:35:14.344 上午] Unity.Transforms.Editor.dll compiling...
 (0,0): [04/18/2019 01:35:14.408 上午] Unity.Transforms.Editor.dll: emitting IL to : D:\UnityProject\Fractals\Temp\Unity.Transforms.Editor.dll
 (0,0): [04/18/2019 01:35:14.421 上午] Unity.Transforms.Editor.dll compilation finished in 77ms  source files re-parsed: 1 metadata reloaded: 2
 (0,0): [04/18/2019 01:35:14.432 上午] Unity.Transforms.Editor.dll: session status updated to IncrementalCompilationStatus.Finished for Caller PID: 28652
 (0,0): [04/18/2019 01:35:19.098 上午] Assembly-CSharp-firstpass.dll: no prior compilation found in cache. Caller PID: 28652
 (0,0): [04/18/2019 01:35:19.109 上午] Assembly-CSharp-firstpass.dll compiling...
 (0,0): [04/18/2019 01:35:19.303 上午] Assembly-CSharp-firstpass.dll: emitting IL to : D:\UnityProject\Fractals\Temp\Assembly-CSharp-firstpass.dll
 (0,0): [04/18/2019 01:35:19.326 上午] Assembly-CSharp-firstpass.dll compilation finished in 217ms  source files re-parsed: 95 metadata reloaded: 10
 (0,0): [04/18/2019 01:35:19.338 上午] Assembly-CSharp-firstpass.dll: session status updated to IncrementalCompilationStatus.Finished for Caller PID: 28652
 (0,0): [04/18/2019 01:35:19.988 上午] Assembly-CSharp.dll: no prior compilation found in cache. Caller PID: 28652
 (0,0): [04/18/2019 01:35:19.999 上午] Assembly-CSharp.dll compiling...
 (0,0): [04/18/2019 01:35:20.252 上午] Assembly-CSharp-Editor-firstpass.dll: no prior compilation found in cache. Caller PID: 28652
 (0,0): [04/18/2019 01:35:20.258 上午] Assembly-CSharp.dll: emitting IL to : D:\UnityProject\Fractals\Temp\Assembly-CSharp.dll
 (0,0): [04/18/2019 01:35:20.264 上午] Assembly-CSharp-Editor-firstpass.dll compiling...
 (0,0): [04/18/2019 01:35:20.296 上午] Assembly-CSharp.dll compilation finished in 297ms  source files re-parsed: 122 metadata reloaded: 1
 (0,0): [04/18/2019 01:35:20.308 上午] Assembly-CSharp.dll: session status updated to IncrementalCompilationStatus.Finished for Caller PID: 28652
 (0,0): [04/18/2019 01:35:20.358 上午] Assembly-CSharp-Editor-firstpass.dll: emitting IL to : D:\UnityProject\Fractals\Temp\Assembly-CSharp-Editor-firstpass.dll
 (0,0): [04/18/2019 01:35:20.372 上午] Assembly-CSharp-Editor-firstpass.dll compilation finished in 108ms  source files re-parsed: 6 metadata reloaded: 0
 (0,0): [04/18/2019 01:35:20.383 上午] Assembly-CSharp-Editor-firstpass.dll: session status updated to IncrementalCompilationStatus.Finished for Caller PID: 28652
 (0,0): [04/18/2019 01:35:21.059 上午] Assembly-CSharp-Editor.dll: no prior compilation found in cache. Caller PID: 28652
 (0,0): [04/18/2019 01:35:21.070 上午] Assembly-CSharp-Editor.dll compiling...
 (0,0): [04/18/2019 01:35:21.160 上午] Assembly-CSharp-Editor.dll: emitting IL to : D:\UnityProject\Fractals\Temp\Assembly-CSharp-Editor.dll
 (0,0): [04/18/2019 01:35:21.174 上午] Assembly-CSharp-Editor.dll compilation finished in 104ms  source files re-parsed: 3 metadata reloaded: 2
 (0,0): [04/18/2019 01:35:21.186 上午] Assembly-CSharp-Editor.dll: session status updated to IncrementalCompilationStatus.Finished for Caller PID: 28652
